<testsuites id="" name="" tests="2" failures="0" skipped="0" errors="0" time="70.87092700000001">
<testsuite name="hotel-booking.spec.ts" timestamp="2026-02-21T02:44:40.991Z" hostname="webkit" tests="2" failures="0" skipped="0" time="68.734" errors="0">
<testcase name="Overnight Stays Hotel Booking › Verify case: Hotel Booking No.1" classname="hotel-booking.spec.ts" time="39.911">
<system-err>
<![CDATA[Price: Sold out on your dates!
]]>
</system-err>
</testcase>
<testcase name="Overnight Stays Hotel Booking › Verify case: Hotel Booking No.2" classname="hotel-booking.spec.ts" time="28.823">
<system-out>
<![CDATA[Price: ONLY 1 LEFT
Per night before taxes and fees
₫ 601,683

]]>
</system-out>
</testcase>
</testsuite>
</testsuites>